{
  "RSpec": {
    "coverage": {
      "/Users/chazsimons/turing/3mod/projects/rails-engine/app/models/merchant.rb": {
        "lines": [
          1,
          null
        ]
      },
      "/Users/chazsimons/turing/3mod/projects/rails-engine/app/models/application_record.rb": {
        "lines": [
          1,
          1,
          null
        ]
      },
      "/Users/chazsimons/turing/3mod/projects/rails-engine/app/controllers/api/v1/merchants_controller.rb": {
        "lines": [
          1,
          null,
          1,
          1,
          null,
          null
        ]
      },
      "/Users/chazsimons/turing/3mod/projects/rails-engine/app/controllers/application_controller.rb": {
        "lines": [
          1,
          null
        ]
      }
    },
    "timestamp": 1638840111
  }
}
